  [1m[36m (150.2ms)[0m  [1mCREATE TABLE "schema_migrations" ("version" character varying(255) NOT NULL) [0m
  [1m[35m (13.8ms)[0m  CREATE UNIQUE INDEX  "unique_schema_migrations" ON "schema_migrations"  ("version")
  [1m[36mActiveRecord::SchemaMigration Load (8.1ms)[0m  [1mSELECT "schema_migrations".* FROM "schema_migrations"[0m


Started GET "/files" for 127.0.0.1 at 2014-12-23 22:30:49 -0800

ActionController::RoutingError (uninitialized constant FilesController):
  activesupport (4.1.7) lib/active_support/inflector/methods.rb:238:in `const_get'
  activesupport (4.1.7) lib/active_support/inflector/methods.rb:238:in `block in constantize'
  activesupport (4.1.7) lib/active_support/inflector/methods.rb:236:in `each'
  activesupport (4.1.7) lib/active_support/inflector/methods.rb:236:in `inject'
  activesupport (4.1.7) lib/active_support/inflector/methods.rb:236:in `constantize'
  actionpack (4.1.7) lib/action_dispatch/routing/route_set.rb:78:in `controller_reference'
  actionpack (4.1.7) lib/action_dispatch/routing/route_set.rb:68:in `controller'
  actionpack (4.1.7) lib/action_dispatch/routing/route_set.rb:46:in `call'
  actionpack (4.1.7) lib/action_dispatch/journey/router.rb:73:in `block in call'
  actionpack (4.1.7) lib/action_dispatch/journey/router.rb:59:in `each'
  actionpack (4.1.7) lib/action_dispatch/journey/router.rb:59:in `call'
  actionpack (4.1.7) lib/action_dispatch/routing/route_set.rb:678:in `call'
  rack (1.5.2) lib/rack/etag.rb:23:in `call'
  rack (1.5.2) lib/rack/conditionalget.rb:25:in `call'
  rack (1.5.2) lib/rack/head.rb:11:in `call'
  actionpack (4.1.7) lib/action_dispatch/middleware/params_parser.rb:27:in `call'
  actionpack (4.1.7) lib/action_dispatch/middleware/flash.rb:254:in `call'
  rack (1.5.2) lib/rack/session/abstract/id.rb:225:in `context'
  rack (1.5.2) lib/rack/session/abstract/id.rb:220:in `call'
  actionpack (4.1.7) lib/action_dispatch/middleware/cookies.rb:560:in `call'
  activerecord (4.1.7) lib/active_record/query_cache.rb:36:in `call'
  activerecord (4.1.7) lib/active_record/connection_adapters/abstract/connection_pool.rb:621:in `call'
  activerecord (4.1.7) lib/active_record/migration.rb:380:in `call'
  actionpack (4.1.7) lib/action_dispatch/middleware/callbacks.rb:29:in `block in call'
  activesupport (4.1.7) lib/active_support/callbacks.rb:82:in `run_callbacks'
  actionpack (4.1.7) lib/action_dispatch/middleware/callbacks.rb:27:in `call'
  actionpack (4.1.7) lib/action_dispatch/middleware/reloader.rb:73:in `call'
  actionpack (4.1.7) lib/action_dispatch/middleware/remote_ip.rb:76:in `call'
  actionpack (4.1.7) lib/action_dispatch/middleware/debug_exceptions.rb:17:in `call'
  actionpack (4.1.7) lib/action_dispatch/middleware/show_exceptions.rb:30:in `call'
  railties (4.1.7) lib/rails/rack/logger.rb:38:in `call_app'
  railties (4.1.7) lib/rails/rack/logger.rb:20:in `block in call'
  activesupport (4.1.7) lib/active_support/tagged_logging.rb:68:in `block in tagged'
  activesupport (4.1.7) lib/active_support/tagged_logging.rb:26:in `tagged'
  activesupport (4.1.7) lib/active_support/tagged_logging.rb:68:in `tagged'
  railties (4.1.7) lib/rails/rack/logger.rb:20:in `call'
  actionpack (4.1.7) lib/action_dispatch/middleware/request_id.rb:21:in `call'
  rack (1.5.2) lib/rack/methodoverride.rb:21:in `call'
  rack (1.5.2) lib/rack/runtime.rb:17:in `call'
  activesupport (4.1.7) lib/active_support/cache/strategy/local_cache_middleware.rb:26:in `call'
  rack (1.5.2) lib/rack/lock.rb:17:in `call'
  actionpack (4.1.7) lib/action_dispatch/middleware/static.rb:84:in `call'
  rack (1.5.2) lib/rack/sendfile.rb:112:in `call'
  railties (4.1.7) lib/rails/engine.rb:514:in `call'
  railties (4.1.7) lib/rails/application.rb:144:in `call'
  rack (1.5.2) lib/rack/lint.rb:49:in `_call'
  rack (1.5.2) lib/rack/lint.rb:37:in `call'
  rack (1.5.2) lib/rack/showexceptions.rb:24:in `call'
  rack (1.5.2) lib/rack/commonlogger.rb:33:in `call'
  rack (1.5.2) lib/rack/chunked.rb:43:in `call'
  rack (1.5.2) lib/rack/content_length.rb:14:in `call'
  unicorn (4.8.3) lib/unicorn/http_server.rb:576:in `process_client'
  unicorn (4.8.3) lib/unicorn/http_server.rb:670:in `worker_loop'
  unicorn (4.8.3) lib/unicorn/http_server.rb:525:in `spawn_missing_workers'
  unicorn (4.8.3) lib/unicorn/http_server.rb:140:in `start'
  unicorn (4.8.3) bin/unicorn:126:in `<top (required)>'
  /Users/mmwu/.rvm/gems/ruby-2.1.5/bin/unicorn:23:in `load'
  /Users/mmwu/.rvm/gems/ruby-2.1.5/bin/unicorn:23:in `<main>'
  /Users/mmwu/.rvm/gems/ruby-2.1.5/bin/ruby_executable_hooks:15:in `eval'
  /Users/mmwu/.rvm/gems/ruby-2.1.5/bin/ruby_executable_hooks:15:in `<main>'


  Rendered /Users/mmwu/.rvm/gems/ruby-2.1.5/gems/actionpack-4.1.7/lib/action_dispatch/middleware/templates/rescues/_trace.html.erb (1.7ms)
  Rendered /Users/mmwu/.rvm/gems/ruby-2.1.5/gems/actionpack-4.1.7/lib/action_dispatch/middleware/templates/routes/_route.html.erb (2.0ms)
  Rendered /Users/mmwu/.rvm/gems/ruby-2.1.5/gems/actionpack-4.1.7/lib/action_dispatch/middleware/templates/routes/_table.html.erb (21.7ms)
  Rendered /Users/mmwu/.rvm/gems/ruby-2.1.5/gems/actionpack-4.1.7/lib/action_dispatch/middleware/templates/rescues/routing_error.html.erb within rescues/layout (93.9ms)


Started GET "/file" for 127.0.0.1 at 2014-12-23 22:31:20 -0800

AbstractController::ActionNotFound (The action 'index' could not be found for FileController):
  actionpack (4.1.7) lib/abstract_controller/base.rb:131:in `process'
  actionview (4.1.7) lib/action_view/rendering.rb:30:in `process'
  actionpack (4.1.7) lib/action_controller/metal.rb:196:in `dispatch'
  actionpack (4.1.7) lib/action_controller/metal/rack_delegation.rb:13:in `dispatch'
  actionpack (4.1.7) lib/action_controller/metal.rb:232:in `block in action'
  actionpack (4.1.7) lib/action_dispatch/routing/route_set.rb:82:in `call'
  actionpack (4.1.7) lib/action_dispatch/routing/route_set.rb:82:in `dispatch'
  actionpack (4.1.7) lib/action_dispatch/routing/route_set.rb:50:in `call'
  actionpack (4.1.7) lib/action_dispatch/journey/router.rb:73:in `block in call'
  actionpack (4.1.7) lib/action_dispatch/journey/router.rb:59:in `each'
  actionpack (4.1.7) lib/action_dispatch/journey/router.rb:59:in `call'
  actionpack (4.1.7) lib/action_dispatch/routing/route_set.rb:678:in `call'
  rack (1.5.2) lib/rack/etag.rb:23:in `call'
  rack (1.5.2) lib/rack/conditionalget.rb:25:in `call'
  rack (1.5.2) lib/rack/head.rb:11:in `call'
  actionpack (4.1.7) lib/action_dispatch/middleware/params_parser.rb:27:in `call'
  actionpack (4.1.7) lib/action_dispatch/middleware/flash.rb:254:in `call'
  rack (1.5.2) lib/rack/session/abstract/id.rb:225:in `context'
  rack (1.5.2) lib/rack/session/abstract/id.rb:220:in `call'
  actionpack (4.1.7) lib/action_dispatch/middleware/cookies.rb:560:in `call'
  activerecord (4.1.7) lib/active_record/query_cache.rb:36:in `call'
  activerecord (4.1.7) lib/active_record/connection_adapters/abstract/connection_pool.rb:621:in `call'
  activerecord (4.1.7) lib/active_record/migration.rb:380:in `call'
  actionpack (4.1.7) lib/action_dispatch/middleware/callbacks.rb:29:in `block in call'
  activesupport (4.1.7) lib/active_support/callbacks.rb:82:in `run_callbacks'
  actionpack (4.1.7) lib/action_dispatch/middleware/callbacks.rb:27:in `call'
  actionpack (4.1.7) lib/action_dispatch/middleware/reloader.rb:73:in `call'
  actionpack (4.1.7) lib/action_dispatch/middleware/remote_ip.rb:76:in `call'
  actionpack (4.1.7) lib/action_dispatch/middleware/debug_exceptions.rb:17:in `call'
  actionpack (4.1.7) lib/action_dispatch/middleware/show_exceptions.rb:30:in `call'
  railties (4.1.7) lib/rails/rack/logger.rb:38:in `call_app'
  railties (4.1.7) lib/rails/rack/logger.rb:20:in `block in call'
  activesupport (4.1.7) lib/active_support/tagged_logging.rb:68:in `block in tagged'
  activesupport (4.1.7) lib/active_support/tagged_logging.rb:26:in `tagged'
  activesupport (4.1.7) lib/active_support/tagged_logging.rb:68:in `tagged'
  railties (4.1.7) lib/rails/rack/logger.rb:20:in `call'
  actionpack (4.1.7) lib/action_dispatch/middleware/request_id.rb:21:in `call'
  rack (1.5.2) lib/rack/methodoverride.rb:21:in `call'
  rack (1.5.2) lib/rack/runtime.rb:17:in `call'
  activesupport (4.1.7) lib/active_support/cache/strategy/local_cache_middleware.rb:26:in `call'
  rack (1.5.2) lib/rack/lock.rb:17:in `call'
  actionpack (4.1.7) lib/action_dispatch/middleware/static.rb:84:in `call'
  rack (1.5.2) lib/rack/sendfile.rb:112:in `call'
  railties (4.1.7) lib/rails/engine.rb:514:in `call'
  railties (4.1.7) lib/rails/application.rb:144:in `call'
  rack (1.5.2) lib/rack/lint.rb:49:in `_call'
  rack (1.5.2) lib/rack/lint.rb:37:in `call'
  rack (1.5.2) lib/rack/showexceptions.rb:24:in `call'
  rack (1.5.2) lib/rack/commonlogger.rb:33:in `call'
  rack (1.5.2) lib/rack/chunked.rb:43:in `call'
  rack (1.5.2) lib/rack/content_length.rb:14:in `call'
  unicorn (4.8.3) lib/unicorn/http_server.rb:576:in `process_client'
  unicorn (4.8.3) lib/unicorn/http_server.rb:670:in `worker_loop'
  unicorn (4.8.3) lib/unicorn/http_server.rb:525:in `spawn_missing_workers'
  unicorn (4.8.3) lib/unicorn/http_server.rb:140:in `start'
  unicorn (4.8.3) bin/unicorn:126:in `<top (required)>'
  /Users/mmwu/.rvm/gems/ruby-2.1.5/bin/unicorn:23:in `load'
  /Users/mmwu/.rvm/gems/ruby-2.1.5/bin/unicorn:23:in `<main>'
  /Users/mmwu/.rvm/gems/ruby-2.1.5/bin/ruby_executable_hooks:15:in `eval'
  /Users/mmwu/.rvm/gems/ruby-2.1.5/bin/ruby_executable_hooks:15:in `<main>'


  Rendered /Users/mmwu/.rvm/gems/ruby-2.1.5/gems/actionpack-4.1.7/lib/action_dispatch/middleware/templates/rescues/unknown_action.html.erb within rescues/layout (3.0ms)


Started GET "/file/1" for 127.0.0.1 at 2014-12-23 22:31:47 -0800
Processing by FileController#show as HTML
  Parameters: {"id"=>"1"}
Completed 409 Conflict in 27ms (Views: 0.5ms | ActiveRecord: 0.0ms)


Started GET "/file?name=2" for 127.0.0.1 at 2014-12-23 22:32:01 -0800

AbstractController::ActionNotFound (The action 'index' could not be found for FileController):
  actionpack (4.1.7) lib/abstract_controller/base.rb:131:in `process'
  actionview (4.1.7) lib/action_view/rendering.rb:30:in `process'
  actionpack (4.1.7) lib/action_controller/metal.rb:196:in `dispatch'
  actionpack (4.1.7) lib/action_controller/metal/rack_delegation.rb:13:in `dispatch'
  actionpack (4.1.7) lib/action_controller/metal.rb:232:in `block in action'
  actionpack (4.1.7) lib/action_dispatch/routing/route_set.rb:82:in `call'
  actionpack (4.1.7) lib/action_dispatch/routing/route_set.rb:82:in `dispatch'
  actionpack (4.1.7) lib/action_dispatch/routing/route_set.rb:50:in `call'
  actionpack (4.1.7) lib/action_dispatch/journey/router.rb:73:in `block in call'
  actionpack (4.1.7) lib/action_dispatch/journey/router.rb:59:in `each'
  actionpack (4.1.7) lib/action_dispatch/journey/router.rb:59:in `call'
  actionpack (4.1.7) lib/action_dispatch/routing/route_set.rb:678:in `call'
  rack (1.5.2) lib/rack/etag.rb:23:in `call'
  rack (1.5.2) lib/rack/conditionalget.rb:25:in `call'
  rack (1.5.2) lib/rack/head.rb:11:in `call'
  actionpack (4.1.7) lib/action_dispatch/middleware/params_parser.rb:27:in `call'
  actionpack (4.1.7) lib/action_dispatch/middleware/flash.rb:254:in `call'
  rack (1.5.2) lib/rack/session/abstract/id.rb:225:in `context'
  rack (1.5.2) lib/rack/session/abstract/id.rb:220:in `call'
  actionpack (4.1.7) lib/action_dispatch/middleware/cookies.rb:560:in `call'
  activerecord (4.1.7) lib/active_record/query_cache.rb:36:in `call'
  activerecord (4.1.7) lib/active_record/connection_adapters/abstract/connection_pool.rb:621:in `call'
  activerecord (4.1.7) lib/active_record/migration.rb:380:in `call'
  actionpack (4.1.7) lib/action_dispatch/middleware/callbacks.rb:29:in `block in call'
  activesupport (4.1.7) lib/active_support/callbacks.rb:82:in `run_callbacks'
  actionpack (4.1.7) lib/action_dispatch/middleware/callbacks.rb:27:in `call'
  actionpack (4.1.7) lib/action_dispatch/middleware/reloader.rb:73:in `call'
  actionpack (4.1.7) lib/action_dispatch/middleware/remote_ip.rb:76:in `call'
  actionpack (4.1.7) lib/action_dispatch/middleware/debug_exceptions.rb:17:in `call'
  actionpack (4.1.7) lib/action_dispatch/middleware/show_exceptions.rb:30:in `call'
  railties (4.1.7) lib/rails/rack/logger.rb:38:in `call_app'
  railties (4.1.7) lib/rails/rack/logger.rb:20:in `block in call'
  activesupport (4.1.7) lib/active_support/tagged_logging.rb:68:in `block in tagged'
  activesupport (4.1.7) lib/active_support/tagged_logging.rb:26:in `tagged'
  activesupport (4.1.7) lib/active_support/tagged_logging.rb:68:in `tagged'
  railties (4.1.7) lib/rails/rack/logger.rb:20:in `call'
  actionpack (4.1.7) lib/action_dispatch/middleware/request_id.rb:21:in `call'
  rack (1.5.2) lib/rack/methodoverride.rb:21:in `call'
  rack (1.5.2) lib/rack/runtime.rb:17:in `call'
  activesupport (4.1.7) lib/active_support/cache/strategy/local_cache_middleware.rb:26:in `call'
  rack (1.5.2) lib/rack/lock.rb:17:in `call'
  actionpack (4.1.7) lib/action_dispatch/middleware/static.rb:84:in `call'
  rack (1.5.2) lib/rack/sendfile.rb:112:in `call'
  railties (4.1.7) lib/rails/engine.rb:514:in `call'
  railties (4.1.7) lib/rails/application.rb:144:in `call'
  rack (1.5.2) lib/rack/lint.rb:49:in `_call'
  rack (1.5.2) lib/rack/lint.rb:37:in `call'
  rack (1.5.2) lib/rack/showexceptions.rb:24:in `call'
  rack (1.5.2) lib/rack/commonlogger.rb:33:in `call'
  rack (1.5.2) lib/rack/chunked.rb:43:in `call'
  rack (1.5.2) lib/rack/content_length.rb:14:in `call'
  unicorn (4.8.3) lib/unicorn/http_server.rb:576:in `process_client'
  unicorn (4.8.3) lib/unicorn/http_server.rb:670:in `worker_loop'
  unicorn (4.8.3) lib/unicorn/http_server.rb:525:in `spawn_missing_workers'
  unicorn (4.8.3) lib/unicorn/http_server.rb:140:in `start'
  unicorn (4.8.3) bin/unicorn:126:in `<top (required)>'
  /Users/mmwu/.rvm/gems/ruby-2.1.5/bin/unicorn:23:in `load'
  /Users/mmwu/.rvm/gems/ruby-2.1.5/bin/unicorn:23:in `<main>'
  /Users/mmwu/.rvm/gems/ruby-2.1.5/bin/ruby_executable_hooks:15:in `eval'
  /Users/mmwu/.rvm/gems/ruby-2.1.5/bin/ruby_executable_hooks:15:in `<main>'


  Rendered /Users/mmwu/.rvm/gems/ruby-2.1.5/gems/actionpack-4.1.7/lib/action_dispatch/middleware/templates/rescues/unknown_action.html.erb within rescues/layout (1.3ms)


Started GET "/files/2" for 127.0.0.1 at 2014-12-23 22:33:11 -0800

ActionController::RoutingError (uninitialized constant FilesController):
  activesupport (4.1.7) lib/active_support/inflector/methods.rb:238:in `const_get'
  activesupport (4.1.7) lib/active_support/inflector/methods.rb:238:in `block in constantize'
  activesupport (4.1.7) lib/active_support/inflector/methods.rb:236:in `each'
  activesupport (4.1.7) lib/active_support/inflector/methods.rb:236:in `inject'
  activesupport (4.1.7) lib/active_support/inflector/methods.rb:236:in `constantize'
  actionpack (4.1.7) lib/action_dispatch/routing/route_set.rb:78:in `controller_reference'
  actionpack (4.1.7) lib/action_dispatch/routing/route_set.rb:68:in `controller'
  actionpack (4.1.7) lib/action_dispatch/routing/route_set.rb:46:in `call'
  actionpack (4.1.7) lib/action_dispatch/journey/router.rb:73:in `block in call'
  actionpack (4.1.7) lib/action_dispatch/journey/router.rb:59:in `each'
  actionpack (4.1.7) lib/action_dispatch/journey/router.rb:59:in `call'
  actionpack (4.1.7) lib/action_dispatch/routing/route_set.rb:678:in `call'
  rack (1.5.2) lib/rack/etag.rb:23:in `call'
  rack (1.5.2) lib/rack/conditionalget.rb:25:in `call'
  rack (1.5.2) lib/rack/head.rb:11:in `call'
  actionpack (4.1.7) lib/action_dispatch/middleware/params_parser.rb:27:in `call'
  actionpack (4.1.7) lib/action_dispatch/middleware/flash.rb:254:in `call'
  rack (1.5.2) lib/rack/session/abstract/id.rb:225:in `context'
  rack (1.5.2) lib/rack/session/abstract/id.rb:220:in `call'
  actionpack (4.1.7) lib/action_dispatch/middleware/cookies.rb:560:in `call'
  activerecord (4.1.7) lib/active_record/query_cache.rb:36:in `call'
  activerecord (4.1.7) lib/active_record/connection_adapters/abstract/connection_pool.rb:621:in `call'
  activerecord (4.1.7) lib/active_record/migration.rb:380:in `call'
  actionpack (4.1.7) lib/action_dispatch/middleware/callbacks.rb:29:in `block in call'
  activesupport (4.1.7) lib/active_support/callbacks.rb:82:in `run_callbacks'
  actionpack (4.1.7) lib/action_dispatch/middleware/callbacks.rb:27:in `call'
  actionpack (4.1.7) lib/action_dispatch/middleware/reloader.rb:73:in `call'
  actionpack (4.1.7) lib/action_dispatch/middleware/remote_ip.rb:76:in `call'
  actionpack (4.1.7) lib/action_dispatch/middleware/debug_exceptions.rb:17:in `call'
  actionpack (4.1.7) lib/action_dispatch/middleware/show_exceptions.rb:30:in `call'
  railties (4.1.7) lib/rails/rack/logger.rb:38:in `call_app'
  railties (4.1.7) lib/rails/rack/logger.rb:20:in `block in call'
  activesupport (4.1.7) lib/active_support/tagged_logging.rb:68:in `block in tagged'
  activesupport (4.1.7) lib/active_support/tagged_logging.rb:26:in `tagged'
  activesupport (4.1.7) lib/active_support/tagged_logging.rb:68:in `tagged'
  railties (4.1.7) lib/rails/rack/logger.rb:20:in `call'
  actionpack (4.1.7) lib/action_dispatch/middleware/request_id.rb:21:in `call'
  rack (1.5.2) lib/rack/methodoverride.rb:21:in `call'
  rack (1.5.2) lib/rack/runtime.rb:17:in `call'
  activesupport (4.1.7) lib/active_support/cache/strategy/local_cache_middleware.rb:26:in `call'
  rack (1.5.2) lib/rack/lock.rb:17:in `call'
  actionpack (4.1.7) lib/action_dispatch/middleware/static.rb:84:in `call'
  rack (1.5.2) lib/rack/sendfile.rb:112:in `call'
  railties (4.1.7) lib/rails/engine.rb:514:in `call'
  railties (4.1.7) lib/rails/application.rb:144:in `call'
  rack (1.5.2) lib/rack/lint.rb:49:in `_call'
  rack (1.5.2) lib/rack/lint.rb:37:in `call'
  rack (1.5.2) lib/rack/showexceptions.rb:24:in `call'
  rack (1.5.2) lib/rack/commonlogger.rb:33:in `call'
  rack (1.5.2) lib/rack/chunked.rb:43:in `call'
  rack (1.5.2) lib/rack/content_length.rb:14:in `call'
  unicorn (4.8.3) lib/unicorn/http_server.rb:576:in `process_client'
  unicorn (4.8.3) lib/unicorn/http_server.rb:670:in `worker_loop'
  unicorn (4.8.3) lib/unicorn/http_server.rb:525:in `spawn_missing_workers'
  unicorn (4.8.3) lib/unicorn/http_server.rb:140:in `start'
  unicorn (4.8.3) bin/unicorn:126:in `<top (required)>'
  /Users/mmwu/.rvm/gems/ruby-2.1.5/bin/unicorn:23:in `load'
  /Users/mmwu/.rvm/gems/ruby-2.1.5/bin/unicorn:23:in `<main>'
  /Users/mmwu/.rvm/gems/ruby-2.1.5/bin/ruby_executable_hooks:15:in `eval'
  /Users/mmwu/.rvm/gems/ruby-2.1.5/bin/ruby_executable_hooks:15:in `<main>'


  Rendered /Users/mmwu/.rvm/gems/ruby-2.1.5/gems/actionpack-4.1.7/lib/action_dispatch/middleware/templates/rescues/_trace.html.erb (2.5ms)
  Rendered /Users/mmwu/.rvm/gems/ruby-2.1.5/gems/actionpack-4.1.7/lib/action_dispatch/middleware/templates/routes/_route.html.erb (2.5ms)
  Rendered /Users/mmwu/.rvm/gems/ruby-2.1.5/gems/actionpack-4.1.7/lib/action_dispatch/middleware/templates/routes/_table.html.erb (15.4ms)
  Rendered /Users/mmwu/.rvm/gems/ruby-2.1.5/gems/actionpack-4.1.7/lib/action_dispatch/middleware/templates/rescues/routing_error.html.erb within rescues/layout (50.9ms)


Started GET "/files/2" for 127.0.0.1 at 2014-12-23 22:33:23 -0800
Processing by FilesController#show as HTML
  Parameters: {"id"=>"2"}
Completed 409 Conflict in 27ms (Views: 0.3ms | ActiveRecord: 0.0ms)


Started GET "/files/2" for 127.0.0.1 at 2014-12-23 22:33:40 -0800
Processing by FilesController#show as HTML
  Parameters: {"id"=>"2"}
Filter chain halted as #<Proc:0x007fe709d5af50@/Users/mmwu/.rvm/gems/ruby-2.1.5/gems/actionpack-4.1.7/lib/action_controller/metal/http_authentication.rb:71> rendered or redirected
Completed 401 Unauthorized in 1ms (ActiveRecord: 0.0ms)


Started GET "/files/2" for 127.0.0.1 at 2014-12-23 22:34:01 -0800
Processing by FilesController#show as HTML
  Parameters: {"id"=>"2"}
Filter chain halted as #<Proc:0x007fe70dae6ab8@/Users/mmwu/.rvm/gems/ruby-2.1.5/gems/actionpack-4.1.7/lib/action_controller/metal/http_authentication.rb:71> rendered or redirected
Completed 401 Unauthorized in 11ms (ActiveRecord: 0.0ms)


Started GET "/files/2" for 127.0.0.1 at 2014-12-23 22:34:03 -0800
Processing by FilesController#show as HTML
  Parameters: {"id"=>"2"}
Filter chain halted as #<Proc:0x007fe709d5af50@/Users/mmwu/.rvm/gems/ruby-2.1.5/gems/actionpack-4.1.7/lib/action_controller/metal/http_authentication.rb:71> rendered or redirected
Completed 401 Unauthorized in 2ms (ActiveRecord: 0.0ms)


Started GET "/files/2" for 127.0.0.1 at 2014-12-23 22:34:07 -0800
Processing by FilesController#show as HTML
  Parameters: {"id"=>"2"}
Filter chain halted as #<Proc:0x007fe709d5af50@/Users/mmwu/.rvm/gems/ruby-2.1.5/gems/actionpack-4.1.7/lib/action_controller/metal/http_authentication.rb:71> rendered or redirected
Completed 401 Unauthorized in 1ms (ActiveRecord: 0.0ms)


Started GET "/files/2" for 127.0.0.1 at 2014-12-23 22:34:13 -0800
Processing by FilesController#show as HTML
  Parameters: {"id"=>"2"}
Filter chain halted as #<Proc:0x007fe70dae6ab8@/Users/mmwu/.rvm/gems/ruby-2.1.5/gems/actionpack-4.1.7/lib/action_controller/metal/http_authentication.rb:71> rendered or redirected
Completed 401 Unauthorized in 1ms (ActiveRecord: 0.0ms)


Started GET "/files/2" for 127.0.0.1 at 2014-12-23 22:34:15 -0800
Processing by FilesController#show as HTML
  Parameters: {"id"=>"2"}
Filter chain halted as #<Proc:0x007fe709d5af50@/Users/mmwu/.rvm/gems/ruby-2.1.5/gems/actionpack-4.1.7/lib/action_controller/metal/http_authentication.rb:71> rendered or redirected
Completed 401 Unauthorized in 1ms (ActiveRecord: 0.0ms)


Started GET "/files/2" for 127.0.0.1 at 2014-12-23 22:34:18 -0800
Processing by FilesController#show as HTML
  Parameters: {"id"=>"2"}
Filter chain halted as #<Proc:0x007fe709d5af50@/Users/mmwu/.rvm/gems/ruby-2.1.5/gems/actionpack-4.1.7/lib/action_controller/metal/http_authentication.rb:71> rendered or redirected
Completed 401 Unauthorized in 1ms (ActiveRecord: 0.0ms)


Started GET "/files/2" for 127.0.0.1 at 2014-12-23 22:34:40 -0800
Processing by FilesController#show as HTML
  Parameters: {"id"=>"2"}
Filter chain halted as #<Proc:0x007fe70dae6ab8@/Users/mmwu/.rvm/gems/ruby-2.1.5/gems/actionpack-4.1.7/lib/action_controller/metal/http_authentication.rb:71> rendered or redirected
Completed 401 Unauthorized in 1ms (ActiveRecord: 0.0ms)


Started GET "/files/2" for 127.0.0.1 at 2014-12-23 22:35:09 -0800
Processing by FilesController#show as HTML
  Parameters: {"id"=>"2"}
Completed 409 Conflict in 23ms (Views: 0.4ms | ActiveRecord: 0.0ms)
